2026-01-11 20:28:22 +0000 - dagster - DEBUG - scrape_elo_job - 2f89b2d7-dcc3-4815-b788-8f05a90e048e - 142 - LOGS_CAPTURED - Started capturing logs in process (pid: 142).
2026-01-11 20:28:22 +0000 - dagster - DEBUG - scrape_elo_job - 2f89b2d7-dcc3-4815-b788-8f05a90e048e - 142 - scrape_elo_op - STEP_START - Started execution of step "scrape_elo_op".
2026-01-11 20:28:22 +0000 - dagster - INFO - scrape_elo_job - 2f89b2d7-dcc3-4815-b788-8f05a90e048e - scrape_elo_op - scrape_elo_op starting at 2026-01-11T20:28:22.348829+00:00
/opt/dagster/app/code_location/tennis_scraper/tennisabstract.py:49: FutureWarning: Passing literal html to 'read_html' is deprecated and will be removed in a future version. To read from a literal string, wrap it in a 'StringIO' object.
  tables = pd.read_html(html)
2026-01-11 20:28:22 +0000 - dagster - ERROR - scrape_elo_job - 2f89b2d7-dcc3-4815-b788-8f05a90e048e - 142 - scrape_elo_op - STEP_FAILURE - Execution of step "scrape_elo_op" failed.

dagster._core.errors.DagsterExecutionStepExecutionError: Error occurred while executing op "scrape_elo_op"::

ValueError: Could not find Player column in columns=['0']

Stack Trace:
  File "/usr/local/lib/python3.11/site-packages/dagster/_core/execution/plan/utils.py", line 56, in op_execution_error_boundary
    yield
  File "/usr/local/lib/python3.11/site-packages/dagster/_utils/__init__.py", line 480, in iterate_with_context
    next_output = next(iterator)
                  ^^^^^^^^^^^^^^
  File "/usr/local/lib/python3.11/site-packages/dagster/_core/execution/plan/compute_generator.py", line 127, in _coerce_op_compute_fn_to_iterator
    result = invoke_compute_fn(
             ^^^^^^^^^^^^^^^^^^
  File "/usr/local/lib/python3.11/site-packages/dagster/_core/execution/plan/compute_generator.py", line 115, in invoke_compute_fn
    return fn(context, **args_to_pass) if context_arg_provided else fn(**args_to_pass)
                                                                    ^^^^^^^^^^^^^^^^^^
  File "/opt/dagster/app/code_location/tennis_scraper/ops.py", line 100, in scrape_elo_op
    elo_rows = parse_elo_table(elo_html)
               ^^^^^^^^^^^^^^^^^^^^^^^^^
  File "/opt/dagster/app/code_location/tennis_scraper/tennisabstract.py", line 61, in parse_elo_table
    raise ValueError(f"Could not find Player column in columns={list(df.columns)}")

